
*** Running vivado
    with args -log Alarm_Clock.vds -m64 -product Vivado -mode batch -messageDb vivado.pb -notrace -source Alarm_Clock.tcl



****** Vivado v2022.1 (64-bit)
  **** SW Build 3526262 on Mon Apr 18 15:48:16 MDT 2022
  **** IP Build 3524634 on Mon Apr 18 20:55:01 MDT 2022
    ** Copyright 1986-2022 Xilinx, Inc. All Rights Reserved.

source Alarm_Clock.tcl -notrace
create_project: Time (s): cpu = 00:00:06 ; elapsed = 00:00:06 . Memory (MB): peak = 1285.969 ; gain = 0.000
Command: read_checkpoint -auto_incremental -incremental C:/Users/MagdElDin/Minimum_viable_product/Minimum_viable_product.srcs/utils_1/imports/synth_1/Alarm_Clock.dcp
INFO: [Vivado 12-5825] Read reference checkpoint from C:/Users/MagdElDin/Minimum_viable_product/Minimum_viable_product.srcs/utils_1/imports/synth_1/Alarm_Clock.dcp for incremental synthesis
INFO: [Vivado 12-7989] Please ensure there are no constraint changes
Command: synth_design -top Alarm_Clock -part xc7a35tcpg236-1
Starting synth_design
Attempting to get a license for feature 'Synthesis' and/or device 'xc7a35t'
INFO: [Common 17-349] Got license for feature 'Synthesis' and/or device 'xc7a35t'
INFO: [Device 21-403] Loading part xc7a35tcpg236-1
INFO: [Designutils 20-5440] No compile time benefit to using incremental synthesis; A full resynthesis will be run
INFO: [Designutils 20-4379] Flow is switching to default flow due to incremental criteria not met. If you would like to alter this behaviour and have the flow terminate instead, please set the following parameter config_implementation {autoIncr.Synth.RejectBehavior Terminate}
INFO: [Synth 8-7079] Multithreading enabled for synth_design using a maximum of 2 processes.
INFO: [Synth 8-7078] Launching helper process for spawning children vivado processes
INFO: [Synth 8-7075] Helper process launched with PID 8268
WARNING: [Synth 8-9971] redeclaration of ansi port 'selected_adjust' is not allowed [C:/Users/MagdElDin/Documents/adjust_testing/adjust_testing.srcs/sources_1/new/Adjust.v:22]
WARNING: [Synth 8-9971] redeclaration of ansi port 'ATM' is not allowed [C:/Users/MagdElDin/Documents/adjust_testing/adjust_testing.srcs/sources_1/new/Adjust.v:23]
WARNING: [Synth 8-9971] redeclaration of ansi port 'AM' is not allowed [C:/Users/MagdElDin/Documents/adjust_testing/adjust_testing.srcs/sources_1/new/Adjust.v:23]
WARNING: [Synth 8-9971] redeclaration of ansi port 'AJTH' is not allowed [C:/Users/MagdElDin/Documents/adjust_testing/adjust_testing.srcs/sources_1/new/Adjust.v:23]
WARNING: [Synth 8-9971] redeclaration of ansi port 'AJH' is not allowed [C:/Users/MagdElDin/Documents/adjust_testing/adjust_testing.srcs/sources_1/new/Adjust.v:23]
WARNING: [Synth 8-9971] redeclaration of ansi port 'AJTM' is not allowed [C:/Users/MagdElDin/Documents/adjust_testing/adjust_testing.srcs/sources_1/new/Adjust.v:23]
WARNING: [Synth 8-9971] redeclaration of ansi port 'AJM' is not allowed [C:/Users/MagdElDin/Documents/adjust_testing/adjust_testing.srcs/sources_1/new/Adjust.v:23]
WARNING: [Synth 8-9971] redeclaration of ansi port 'ATH' is not allowed [C:/Users/MagdElDin/Documents/adjust_testing/adjust_testing.srcs/sources_1/new/Adjust.v:24]
WARNING: [Synth 8-9971] redeclaration of ansi port 'AH' is not allowed [C:/Users/MagdElDin/Documents/adjust_testing/adjust_testing.srcs/sources_1/new/Adjust.v:24]
WARNING: [Synth 8-9971] redeclaration of ansi port 'AJTH' is not allowed [C:/Users/MagdElDin/Documents/adjust_testing/adjust_testing.srcs/sources_1/new/Adjust.v:24]
WARNING: [Synth 8-9971] redeclaration of ansi port 'AJH' is not allowed [C:/Users/MagdElDin/Documents/adjust_testing/adjust_testing.srcs/sources_1/new/Adjust.v:24]
WARNING: [Synth 8-9971] redeclaration of ansi port 'LDA' is not allowed [C:/Users/MagdElDin/alarm_test/alarm_test.srcs/sources_1/new/alarm.v:25]
WARNING: [Synth 8-9971] redeclaration of ansi port 'LD0' is not allowed [C:/Users/MagdElDin/Minimum_viable_product/Minimum_viable_product.srcs/sources_1/new/Alarm_Clock.v:34]
WARNING: [Synth 8-9971] redeclaration of ansi port 'LD12' is not allowed [C:/Users/MagdElDin/Minimum_viable_product/Minimum_viable_product.srcs/sources_1/new/Alarm_Clock.v:34]
WARNING: [Synth 8-9971] redeclaration of ansi port 'LD13' is not allowed [C:/Users/MagdElDin/Minimum_viable_product/Minimum_viable_product.srcs/sources_1/new/Alarm_Clock.v:34]
WARNING: [Synth 8-9971] redeclaration of ansi port 'LD14' is not allowed [C:/Users/MagdElDin/Minimum_viable_product/Minimum_viable_product.srcs/sources_1/new/Alarm_Clock.v:34]
WARNING: [Synth 8-9971] redeclaration of ansi port 'LD15' is not allowed [C:/Users/MagdElDin/Minimum_viable_product/Minimum_viable_product.srcs/sources_1/new/Alarm_Clock.v:34]
WARNING: [Synth 8-9971] redeclaration of ansi port 'alarm_signal' is not allowed [C:/Users/MagdElDin/Minimum_viable_product/Minimum_viable_product.srcs/sources_1/new/Alarm_Clock.v:41]
WARNING: [Synth 8-8895] 'INC2' is already implicitly declared on line 64 [C:/Users/MagdElDin/Minimum_viable_product/Minimum_viable_product.srcs/sources_1/new/Alarm_Clock.v:69]
---------------------------------------------------------------------------------
Starting RTL Elaboration : Time (s): cpu = 00:00:06 ; elapsed = 00:00:06 . Memory (MB): peak = 1285.969 ; gain = 0.000
---------------------------------------------------------------------------------
INFO: [Synth 8-6157] synthesizing module 'Alarm_Clock' [C:/Users/MagdElDin/Minimum_viable_product/Minimum_viable_product.srcs/sources_1/new/Alarm_Clock.v:23]
INFO: [Synth 8-6157] synthesizing module 'PushButton' [C:/Users/MagdElDin/Documents/adjust_testing/adjust_testing.srcs/sources_1/new/PushButton.v:6]
INFO: [Synth 8-6157] synthesizing module 'debouncer' [C:/Users/MagdElDin/Documents/adjust_testing/adjust_testing.srcs/sources_1/new/debouncer.v:6]
INFO: [Synth 8-6155] done synthesizing module 'debouncer' (0#1) [C:/Users/MagdElDin/Documents/adjust_testing/adjust_testing.srcs/sources_1/new/debouncer.v:6]
INFO: [Synth 8-6157] synthesizing module 'synchronizer' [C:/Users/MagdElDin/Documents/adjust_testing/adjust_testing.srcs/sources_1/new/synchronizer.v:6]
INFO: [Synth 8-6155] done synthesizing module 'synchronizer' (0#1) [C:/Users/MagdElDin/Documents/adjust_testing/adjust_testing.srcs/sources_1/new/synchronizer.v:6]
INFO: [Synth 8-6157] synthesizing module 'RisingEdgeDetector' [C:/Users/MagdElDin/Documents/adjust_testing/adjust_testing.srcs/sources_1/new/RisingEdgeDetector.v:6]
INFO: [Synth 8-6155] done synthesizing module 'RisingEdgeDetector' (0#1) [C:/Users/MagdElDin/Documents/adjust_testing/adjust_testing.srcs/sources_1/new/RisingEdgeDetector.v:6]
INFO: [Synth 8-6155] done synthesizing module 'PushButton' (0#1) [C:/Users/MagdElDin/Documents/adjust_testing/adjust_testing.srcs/sources_1/new/PushButton.v:6]
INFO: [Synth 8-6157] synthesizing module 'ClockDivider' [C:/Users/MagdElDin/Documents/adjust_testing/adjust_testing.srcs/sources_1/new/ClockDivider.v:6]
	Parameter n bound to: 500000 - type: integer 
INFO: [Synth 8-6155] done synthesizing module 'ClockDivider' (0#1) [C:/Users/MagdElDin/Documents/adjust_testing/adjust_testing.srcs/sources_1/new/ClockDivider.v:6]
INFO: [Synth 8-6157] synthesizing module 'ClockDivider__parameterized0' [C:/Users/MagdElDin/Documents/adjust_testing/adjust_testing.srcs/sources_1/new/ClockDivider.v:6]
	Parameter n bound to: 5000000 - type: integer 
INFO: [Synth 8-6155] done synthesizing module 'ClockDivider__parameterized0' (0#1) [C:/Users/MagdElDin/Documents/adjust_testing/adjust_testing.srcs/sources_1/new/ClockDivider.v:6]
INFO: [Synth 8-6157] synthesizing module 'SelectCounter' [C:/Users/MagdElDin/Documents/adjust_testing/adjust_testing.srcs/sources_1/new/SelectCounter.v:6]
INFO: [Synth 8-6157] synthesizing module 'ClockDivider__parameterized1' [C:/Users/MagdElDin/Documents/adjust_testing/adjust_testing.srcs/sources_1/new/ClockDivider.v:6]
	Parameter n bound to: 300000 - type: integer 
INFO: [Synth 8-6155] done synthesizing module 'ClockDivider__parameterized1' (0#1) [C:/Users/MagdElDin/Documents/adjust_testing/adjust_testing.srcs/sources_1/new/ClockDivider.v:6]
INFO: [Synth 8-6157] synthesizing module 'X_Bit_Counter' [C:/Users/MagdElDin/Documents/adjust_testing/adjust_testing.srcs/sources_1/new/X_Bit_Counter.v:6]
	Parameter x bound to: 2 - type: integer 
	Parameter n bound to: 4 - type: integer 
INFO: [Synth 8-6155] done synthesizing module 'X_Bit_Counter' (0#1) [C:/Users/MagdElDin/Documents/adjust_testing/adjust_testing.srcs/sources_1/new/X_Bit_Counter.v:6]
INFO: [Synth 8-6155] done synthesizing module 'SelectCounter' (0#1) [C:/Users/MagdElDin/Documents/adjust_testing/adjust_testing.srcs/sources_1/new/SelectCounter.v:6]
INFO: [Synth 8-6157] synthesizing module 'decoder4x7p' [C:/Users/MagdElDin/Documents/adjust_testing/adjust_testing.srcs/sources_1/new/decoder4x7p.v:6]
INFO: [Synth 8-6155] done synthesizing module 'decoder4x7p' (0#1) [C:/Users/MagdElDin/Documents/adjust_testing/adjust_testing.srcs/sources_1/new/decoder4x7p.v:6]
INFO: [Synth 8-6157] synthesizing module 'Adjust' [C:/Users/MagdElDin/Documents/adjust_testing/adjust_testing.srcs/sources_1/new/Adjust.v:19]
INFO: [Synth 8-6157] synthesizing module 'X_Bit_Counter__parameterized0' [C:/Users/MagdElDin/Documents/adjust_testing/adjust_testing.srcs/sources_1/new/X_Bit_Counter.v:6]
	Parameter x bound to: 5 - type: integer 
	Parameter n bound to: 24 - type: integer 
INFO: [Synth 8-6155] done synthesizing module 'X_Bit_Counter__parameterized0' (0#1) [C:/Users/MagdElDin/Documents/adjust_testing/adjust_testing.srcs/sources_1/new/X_Bit_Counter.v:6]
INFO: [Synth 8-6157] synthesizing module 'X_Bit_Counter__parameterized1' [C:/Users/MagdElDin/Documents/adjust_testing/adjust_testing.srcs/sources_1/new/X_Bit_Counter.v:6]
	Parameter x bound to: 4 - type: integer 
	Parameter n bound to: 10 - type: integer 
INFO: [Synth 8-6155] done synthesizing module 'X_Bit_Counter__parameterized1' (0#1) [C:/Users/MagdElDin/Documents/adjust_testing/adjust_testing.srcs/sources_1/new/X_Bit_Counter.v:6]
INFO: [Synth 8-6157] synthesizing module 'X_Bit_Counter__parameterized2' [C:/Users/MagdElDin/Documents/adjust_testing/adjust_testing.srcs/sources_1/new/X_Bit_Counter.v:6]
	Parameter x bound to: 4 - type: integer 
	Parameter n bound to: 6 - type: integer 
INFO: [Synth 8-6155] done synthesizing module 'X_Bit_Counter__parameterized2' (0#1) [C:/Users/MagdElDin/Documents/adjust_testing/adjust_testing.srcs/sources_1/new/X_Bit_Counter.v:6]
INFO: [Synth 8-6155] done synthesizing module 'Adjust' (0#1) [C:/Users/MagdElDin/Documents/adjust_testing/adjust_testing.srcs/sources_1/new/Adjust.v:19]
INFO: [Synth 8-6157] synthesizing module 'Clock_Circuit' [C:/Users/MagdElDin/clock_test/clock_test.srcs/sources_1/imports/new/Clock_Circuit.v:6]
INFO: [Synth 8-6157] synthesizing module 'Counter4bit' [C:/Users/MagdElDin/clock_test/clock_test.srcs/sources_1/imports/new/Counter4bit.v:6]
INFO: [Synth 8-6155] done synthesizing module 'Counter4bit' (0#1) [C:/Users/MagdElDin/clock_test/clock_test.srcs/sources_1/imports/new/Counter4bit.v:6]
INFO: [Synth 8-6155] done synthesizing module 'Clock_Circuit' (0#1) [C:/Users/MagdElDin/clock_test/clock_test.srcs/sources_1/imports/new/Clock_Circuit.v:6]
INFO: [Synth 8-6157] synthesizing module 'alarm' [C:/Users/MagdElDin/alarm_test/alarm_test.srcs/sources_1/new/alarm.v:23]
INFO: [Synth 8-6155] done synthesizing module 'alarm' (0#1) [C:/Users/MagdElDin/alarm_test/alarm_test.srcs/sources_1/new/alarm.v:23]
INFO: [Synth 8-6157] synthesizing module 'X_Bit_Counter__parameterized3' [C:/Users/MagdElDin/Documents/adjust_testing/adjust_testing.srcs/sources_1/new/X_Bit_Counter.v:6]
	Parameter x bound to: 5 - type: integer 
	Parameter n bound to: 25 - type: integer 
INFO: [Synth 8-6155] done synthesizing module 'X_Bit_Counter__parameterized3' (0#1) [C:/Users/MagdElDin/Documents/adjust_testing/adjust_testing.srcs/sources_1/new/X_Bit_Counter.v:6]
WARNING: [Synth 8-567] referenced signal 'mode' should be on the sensitivity list [C:/Users/MagdElDin/Minimum_viable_product/Minimum_viable_product.srcs/sources_1/new/Alarm_Clock.v:89]
WARNING: [Synth 8-567] referenced signal 'selected_adjust' should be on the sensitivity list [C:/Users/MagdElDin/Minimum_viable_product/Minimum_viable_product.srcs/sources_1/new/Alarm_Clock.v:89]
WARNING: [Synth 8-567] referenced signal 'AM' should be on the sensitivity list [C:/Users/MagdElDin/Minimum_viable_product/Minimum_viable_product.srcs/sources_1/new/Alarm_Clock.v:89]
WARNING: [Synth 8-567] referenced signal 'AJM' should be on the sensitivity list [C:/Users/MagdElDin/Minimum_viable_product/Minimum_viable_product.srcs/sources_1/new/Alarm_Clock.v:89]
WARNING: [Synth 8-567] referenced signal 'CM' should be on the sensitivity list [C:/Users/MagdElDin/Minimum_viable_product/Minimum_viable_product.srcs/sources_1/new/Alarm_Clock.v:89]
WARNING: [Synth 8-567] referenced signal 'ATM' should be on the sensitivity list [C:/Users/MagdElDin/Minimum_viable_product/Minimum_viable_product.srcs/sources_1/new/Alarm_Clock.v:89]
WARNING: [Synth 8-567] referenced signal 'AJTM' should be on the sensitivity list [C:/Users/MagdElDin/Minimum_viable_product/Minimum_viable_product.srcs/sources_1/new/Alarm_Clock.v:89]
WARNING: [Synth 8-567] referenced signal 'CTM' should be on the sensitivity list [C:/Users/MagdElDin/Minimum_viable_product/Minimum_viable_product.srcs/sources_1/new/Alarm_Clock.v:89]
WARNING: [Synth 8-567] referenced signal 'AH' should be on the sensitivity list [C:/Users/MagdElDin/Minimum_viable_product/Minimum_viable_product.srcs/sources_1/new/Alarm_Clock.v:89]
WARNING: [Synth 8-567] referenced signal 'AJH' should be on the sensitivity list [C:/Users/MagdElDin/Minimum_viable_product/Minimum_viable_product.srcs/sources_1/new/Alarm_Clock.v:89]
WARNING: [Synth 8-567] referenced signal 'CH' should be on the sensitivity list [C:/Users/MagdElDin/Minimum_viable_product/Minimum_viable_product.srcs/sources_1/new/Alarm_Clock.v:89]
WARNING: [Synth 8-567] referenced signal 'ATH' should be on the sensitivity list [C:/Users/MagdElDin/Minimum_viable_product/Minimum_viable_product.srcs/sources_1/new/Alarm_Clock.v:89]
WARNING: [Synth 8-567] referenced signal 'AJTH' should be on the sensitivity list [C:/Users/MagdElDin/Minimum_viable_product/Minimum_viable_product.srcs/sources_1/new/Alarm_Clock.v:89]
WARNING: [Synth 8-567] referenced signal 'CTH' should be on the sensitivity list [C:/Users/MagdElDin/Minimum_viable_product/Minimum_viable_product.srcs/sources_1/new/Alarm_Clock.v:89]
WARNING: [Synth 8-567] referenced signal 'ATH' should be on the sensitivity list [C:/Users/MagdElDin/Minimum_viable_product/Minimum_viable_product.srcs/sources_1/new/Alarm_Clock.v:120]
WARNING: [Synth 8-567] referenced signal 'CTH' should be on the sensitivity list [C:/Users/MagdElDin/Minimum_viable_product/Minimum_viable_product.srcs/sources_1/new/Alarm_Clock.v:120]
WARNING: [Synth 8-567] referenced signal 'AH' should be on the sensitivity list [C:/Users/MagdElDin/Minimum_viable_product/Minimum_viable_product.srcs/sources_1/new/Alarm_Clock.v:120]
WARNING: [Synth 8-567] referenced signal 'CH' should be on the sensitivity list [C:/Users/MagdElDin/Minimum_viable_product/Minimum_viable_product.srcs/sources_1/new/Alarm_Clock.v:120]
WARNING: [Synth 8-567] referenced signal 'ATM' should be on the sensitivity list [C:/Users/MagdElDin/Minimum_viable_product/Minimum_viable_product.srcs/sources_1/new/Alarm_Clock.v:120]
WARNING: [Synth 8-567] referenced signal 'CTM' should be on the sensitivity list [C:/Users/MagdElDin/Minimum_viable_product/Minimum_viable_product.srcs/sources_1/new/Alarm_Clock.v:120]
WARNING: [Synth 8-567] referenced signal 'AM' should be on the sensitivity list [C:/Users/MagdElDin/Minimum_viable_product/Minimum_viable_product.srcs/sources_1/new/Alarm_Clock.v:120]
WARNING: [Synth 8-567] referenced signal 'CM' should be on the sensitivity list [C:/Users/MagdElDin/Minimum_viable_product/Minimum_viable_product.srcs/sources_1/new/Alarm_Clock.v:120]
INFO: [Synth 8-6155] done synthesizing module 'Alarm_Clock' (0#1) [C:/Users/MagdElDin/Minimum_viable_product/Minimum_viable_product.srcs/sources_1/new/Alarm_Clock.v:23]
---------------------------------------------------------------------------------
Finished RTL Elaboration : Time (s): cpu = 00:00:07 ; elapsed = 00:00:08 . Memory (MB): peak = 1285.969 ; gain = 0.000
---------------------------------------------------------------------------------
---------------------------------------------------------------------------------
Start Handling Custom Attributes
---------------------------------------------------------------------------------
---------------------------------------------------------------------------------
Finished Handling Custom Attributes : Time (s): cpu = 00:00:08 ; elapsed = 00:00:08 . Memory (MB): peak = 1285.969 ; gain = 0.000
---------------------------------------------------------------------------------
---------------------------------------------------------------------------------
Finished RTL Optimization Phase 1 : Time (s): cpu = 00:00:08 ; elapsed = 00:00:08 . Memory (MB): peak = 1285.969 ; gain = 0.000
---------------------------------------------------------------------------------
Netlist sorting complete. Time (s): cpu = 00:00:00 ; elapsed = 00:00:00.006 . Memory (MB): peak = 1285.969 ; gain = 0.000
INFO: [Project 1-570] Preparing netlist for logic optimization

Processing XDC Constraints
Initializing timing engine
Parsing XDC File [C:/Users/MagdElDin/Minimum_viable_product/Minimum_viable_product.srcs/constrs_1/new/Alarm_Clock_const.xdc]
Finished Parsing XDC File [C:/Users/MagdElDin/Minimum_viable_product/Minimum_viable_product.srcs/constrs_1/new/Alarm_Clock_const.xdc]
INFO: [Project 1-236] Implementation specific constraints were found while reading constraint file [C:/Users/MagdElDin/Minimum_viable_product/Minimum_viable_product.srcs/constrs_1/new/Alarm_Clock_const.xdc]. These constraints will be ignored for synthesis but will be used in implementation. Impacted constraints are listed in the file [.Xil/Alarm_Clock_propImpl.xdc].
Resolution: To avoid this warning, move constraints listed in [.Xil/Alarm_Clock_propImpl.xdc] to another XDC file and exclude this new file from synthesis with the used_in_synthesis property (File Properties dialog in GUI) and re-run elaboration/synthesis.
Completed Processing XDC Constraints

Netlist sorting complete. Time (s): cpu = 00:00:00 ; elapsed = 00:00:00 . Memory (MB): peak = 1347.590 ; gain = 0.000
INFO: [Project 1-111] Unisim Transformation Summary:
No Unisim elements were transformed.

Constraint Validation Runtime : Time (s): cpu = 00:00:00 ; elapsed = 00:00:00.004 . Memory (MB): peak = 1347.590 ; gain = 0.000
INFO: [Designutils 20-5440] No compile time benefit to using incremental synthesis; A full resynthesis will be run
INFO: [Designutils 20-4379] Flow is switching to default flow due to incremental criteria not met. If you would like to alter this behaviour and have the flow terminate instead, please set the following parameter config_implementation {autoIncr.Synth.RejectBehavior Terminate}
---------------------------------------------------------------------------------
Finished Constraint Validation : Time (s): cpu = 00:00:16 ; elapsed = 00:00:16 . Memory (MB): peak = 1347.590 ; gain = 61.621
---------------------------------------------------------------------------------
---------------------------------------------------------------------------------
Start Loading Part and Timing Information
---------------------------------------------------------------------------------
Loading part: xc7a35tcpg236-1
---------------------------------------------------------------------------------
Finished Loading Part and Timing Information : Time (s): cpu = 00:00:16 ; elapsed = 00:00:16 . Memory (MB): peak = 1347.590 ; gain = 61.621
---------------------------------------------------------------------------------
---------------------------------------------------------------------------------
Start Applying 'set_property' XDC Constraints
---------------------------------------------------------------------------------
---------------------------------------------------------------------------------
Finished applying 'set_property' XDC Constraints : Time (s): cpu = 00:00:16 ; elapsed = 00:00:16 . Memory (MB): peak = 1347.590 ; gain = 61.621
---------------------------------------------------------------------------------
INFO: [Synth 8-802] inferred FSM for state register 'state_reg' in module 'RisingEdgeDetector'
---------------------------------------------------------------------------------------------------
                   State |                     New Encoding |                Previous Encoding 
---------------------------------------------------------------------------------------------------
                       A |                               00 |                               00
                       B |                               01 |                               01
                       C |                               10 |                               10
---------------------------------------------------------------------------------------------------
INFO: [Synth 8-3354] encoded FSM with state register 'state_reg' using encoding 'sequential' in module 'RisingEdgeDetector'
WARNING: [Synth 8-327] inferring latch for variable 'already_turned_off_reg' [C:/Users/MagdElDin/Minimum_viable_product/Minimum_viable_product.srcs/sources_1/new/Alarm_Clock.v:123]
---------------------------------------------------------------------------------
Finished RTL Optimization Phase 2 : Time (s): cpu = 00:00:17 ; elapsed = 00:00:17 . Memory (MB): peak = 1347.590 ; gain = 61.621
---------------------------------------------------------------------------------
---------------------------------------------------------------------------------
Start RTL Component Statistics 
---------------------------------------------------------------------------------
Detailed RTL Component Info : 
+---Adders : 
	   2 Input   32 Bit       Adders := 3     
	   2 Input    6 Bit       Adders := 3     
	   2 Input    5 Bit       Adders := 10    
	   2 Input    4 Bit       Adders := 12    
	   2 Input    3 Bit       Adders := 4     
	   2 Input    2 Bit       Adders := 4     
+---Registers : 
	               32 Bit    Registers := 3     
	                5 Bit    Registers := 3     
	                4 Bit    Registers := 10    
	                2 Bit    Registers := 3     
	                1 Bit    Registers := 34    
+---Muxes : 
	   2 Input   32 Bit        Muxes := 3     
	   2 Input    5 Bit        Muxes := 9     
	   4 Input    4 Bit        Muxes := 2     
	   2 Input    4 Bit        Muxes := 48    
	   2 Input    3 Bit        Muxes := 2     
	   3 Input    2 Bit        Muxes := 6     
	   2 Input    2 Bit        Muxes := 26    
	   4 Input    2 Bit        Muxes := 1     
	   2 Input    1 Bit        Muxes := 12    
	   4 Input    1 Bit        Muxes := 2     
---------------------------------------------------------------------------------
Finished RTL Component Statistics 
---------------------------------------------------------------------------------
---------------------------------------------------------------------------------
Start Part Resource Summary
---------------------------------------------------------------------------------
Part Resources:
DSPs: 90 (col length:60)
BRAMs: 100 (col length: RAMB18 60 RAMB36 30)
---------------------------------------------------------------------------------
Finished Part Resource Summary
---------------------------------------------------------------------------------
---------------------------------------------------------------------------------
Start Cross Boundary and Area Optimization
---------------------------------------------------------------------------------
WARNING: [Synth 8-7080] Parallel synthesis criteria is not met
WARNING: [Synth 8-3332] Sequential element (B1a/risingedge/FSM_sequential_state_reg[1]) is unused and will be removed from module Alarm_Clock.
WARNING: [Synth 8-3332] Sequential element (B1a/risingedge/FSM_sequential_state_reg[0]) is unused and will be removed from module Alarm_Clock.
---------------------------------------------------------------------------------
Finished Cross Boundary and Area Optimization : Time (s): cpu = 00:00:22 ; elapsed = 00:00:22 . Memory (MB): peak = 1347.590 ; gain = 61.621
---------------------------------------------------------------------------------
---------------------------------------------------------------------------------
Start ROM, RAM, DSP, Shift Register and Retiming Reporting
---------------------------------------------------------------------------------

ROM: Preliminary Mapping Report
+------------+----------------+---------------+----------------+
|Module Name | RTL Object     | Depth x Width | Implemented As | 
+------------+----------------+---------------+----------------+
|Adjust      | ATH            | 32x2          | LUT            | 
|Adjust      | AH             | 32x4          | LUT            | 
|Adjust      | AJTH           | 32x2          | LUT            | 
|Adjust      | AJH            | 32x4          | LUT            | 
|Alarm_Clock | adjust_me/AJTH | 32x2          | LUT            | 
|Alarm_Clock | adjust_me/AJH  | 32x4          | LUT            | 
|Alarm_Clock | adjust_me/AH   | 32x4          | LUT            | 
|Alarm_Clock | adjust_me/ATH  | 32x2          | LUT            | 
+------------+----------------+---------------+----------------+

---------------------------------------------------------------------------------
Finished ROM, RAM, DSP, Shift Register and Retiming Reporting
---------------------------------------------------------------------------------
---------------------------------------------------------------------------------
Start Applying XDC Timing Constraints
---------------------------------------------------------------------------------
---------------------------------------------------------------------------------
Finished Applying XDC Timing Constraints : Time (s): cpu = 00:00:28 ; elapsed = 00:00:29 . Memory (MB): peak = 1347.590 ; gain = 61.621
---------------------------------------------------------------------------------
---------------------------------------------------------------------------------
Start Timing Optimization
---------------------------------------------------------------------------------
---------------------------------------------------------------------------------
Finished Timing Optimization : Time (s): cpu = 00:00:28 ; elapsed = 00:00:29 . Memory (MB): peak = 1347.590 ; gain = 61.621
---------------------------------------------------------------------------------
---------------------------------------------------------------------------------
Start Technology Mapping
---------------------------------------------------------------------------------
WARNING: [Synth 8-3332] Sequential element (cl/c3/count_reg[3]_LDC) is unused and will be removed from module Alarm_Clock.
WARNING: [Synth 8-3332] Sequential element (cl/c3/count_reg[3]_P) is unused and will be removed from module Alarm_Clock.
---------------------------------------------------------------------------------
Finished Technology Mapping : Time (s): cpu = 00:00:28 ; elapsed = 00:00:29 . Memory (MB): peak = 1347.590 ; gain = 61.621
---------------------------------------------------------------------------------
---------------------------------------------------------------------------------
Start IO Insertion
---------------------------------------------------------------------------------
---------------------------------------------------------------------------------
Start Flattening Before IO Insertion
---------------------------------------------------------------------------------
---------------------------------------------------------------------------------
Finished Flattening Before IO Insertion
---------------------------------------------------------------------------------
---------------------------------------------------------------------------------
Start Final Netlist Cleanup
---------------------------------------------------------------------------------
---------------------------------------------------------------------------------
Finished Final Netlist Cleanup
---------------------------------------------------------------------------------
---------------------------------------------------------------------------------
Finished IO Insertion : Time (s): cpu = 00:00:33 ; elapsed = 00:00:34 . Memory (MB): peak = 1347.590 ; gain = 61.621
---------------------------------------------------------------------------------
---------------------------------------------------------------------------------
Start Renaming Generated Instances
---------------------------------------------------------------------------------
---------------------------------------------------------------------------------
Finished Renaming Generated Instances : Time (s): cpu = 00:00:33 ; elapsed = 00:00:34 . Memory (MB): peak = 1347.590 ; gain = 61.621
---------------------------------------------------------------------------------
---------------------------------------------------------------------------------
Start Rebuilding User Hierarchy
---------------------------------------------------------------------------------
---------------------------------------------------------------------------------
Finished Rebuilding User Hierarchy : Time (s): cpu = 00:00:33 ; elapsed = 00:00:34 . Memory (MB): peak = 1347.590 ; gain = 61.621
---------------------------------------------------------------------------------
---------------------------------------------------------------------------------
Start Renaming Generated Ports
---------------------------------------------------------------------------------
---------------------------------------------------------------------------------
Finished Renaming Generated Ports : Time (s): cpu = 00:00:33 ; elapsed = 00:00:34 . Memory (MB): peak = 1347.590 ; gain = 61.621
---------------------------------------------------------------------------------
---------------------------------------------------------------------------------
Start Handling Custom Attributes
---------------------------------------------------------------------------------
---------------------------------------------------------------------------------
Finished Handling Custom Attributes : Time (s): cpu = 00:00:33 ; elapsed = 00:00:34 . Memory (MB): peak = 1347.590 ; gain = 61.621
---------------------------------------------------------------------------------
---------------------------------------------------------------------------------
Start Renaming Generated Nets
---------------------------------------------------------------------------------
---------------------------------------------------------------------------------
Finished Renaming Generated Nets : Time (s): cpu = 00:00:33 ; elapsed = 00:00:34 . Memory (MB): peak = 1347.590 ; gain = 61.621
---------------------------------------------------------------------------------
---------------------------------------------------------------------------------
Start Writing Synthesis Report
---------------------------------------------------------------------------------

Report BlackBoxes: 
+-+--------------+----------+
| |BlackBox name |Instances |
+-+--------------+----------+
+-+--------------+----------+

Report Cell Usage: 
+------+-------+------+
|      |Cell   |Count |
+------+-------+------+
|1     |BUFG   |     3|
|2     |CARRY4 |    24|
|3     |LUT1   |     6|
|4     |LUT2   |    13|
|5     |LUT3   |    38|
|6     |LUT4   |    52|
|7     |LUT5   |   131|
|8     |LUT6   |   100|
|9     |FDCE   |   158|
|10    |FDPE   |    13|
|11    |FDRE   |    36|
|12    |LD     |     1|
|13    |LDC    |    13|
|14    |IBUF   |     7|
|15    |OBUF   |    18|
+------+-------+------+
---------------------------------------------------------------------------------
Finished Writing Synthesis Report : Time (s): cpu = 00:00:33 ; elapsed = 00:00:34 . Memory (MB): peak = 1347.590 ; gain = 61.621
---------------------------------------------------------------------------------
Synthesis finished with 0 errors, 0 critical warnings and 6 warnings.
Synthesis Optimization Runtime : Time (s): cpu = 00:00:23 ; elapsed = 00:00:32 . Memory (MB): peak = 1347.590 ; gain = 0.000
Synthesis Optimization Complete : Time (s): cpu = 00:00:33 ; elapsed = 00:00:34 . Memory (MB): peak = 1347.590 ; gain = 61.621
INFO: [Project 1-571] Translating synthesized netlist
Netlist sorting complete. Time (s): cpu = 00:00:00 ; elapsed = 00:00:00.008 . Memory (MB): peak = 1347.590 ; gain = 0.000
INFO: [Netlist 29-17] Analyzing 38 Unisim elements for replacement
INFO: [Netlist 29-28] Unisim Transformation completed in 0 CPU seconds
INFO: [Project 1-570] Preparing netlist for logic optimization
INFO: [Opt 31-138] Pushed 0 inverter(s) to 0 load pin(s).
Netlist sorting complete. Time (s): cpu = 00:00:00 ; elapsed = 00:00:00 . Memory (MB): peak = 1347.590 ; gain = 0.000
INFO: [Project 1-111] Unisim Transformation Summary:
  A total of 14 instances were transformed.
  LD => LDCE: 1 instance 
  LDC => LDCE: 13 instances

Synth Design complete, checksum: 7760f2d9
INFO: [Common 17-83] Releasing license: Synthesis
61 Infos, 47 Warnings, 0 Critical Warnings and 0 Errors encountered.
synth_design completed successfully
synth_design: Time (s): cpu = 00:00:38 ; elapsed = 00:00:39 . Memory (MB): peak = 1347.590 ; gain = 61.621
INFO: [Common 17-1381] The checkpoint 'C:/Users/MagdElDin/Minimum_viable_product/Minimum_viable_product.runs/synth_1/Alarm_Clock.dcp' has been generated.
INFO: [runtcl-4] Executing : report_utilization -file Alarm_Clock_utilization_synth.rpt -pb Alarm_Clock_utilization_synth.pb
INFO: [Common 17-206] Exiting Vivado at Fri Dec  9 18:44:17 2022...
